<?xml version="1.0"?>
<presentvalue xmlns:xsi="http://www.w3.org/2001/XMLSchema-instance">
	<valuationdate>2016-06-10</valuationdate>
	<valuationcurrency>USD</valuationcurrency>
	<data>
		<cds>
			<tradeid>Ex_Basic_ISIN</tradeid>
			<book>ACUO CDS</book>
			<red>179BHC</red>
			<bond>
				<id>US163893AA87</id>
				<idtype>ISIN</idtype>
			</bond>
			<tradedate>2013-04-15</tradedate>
			<settledate>2013-01-28</settledate>
			<maturity>2017-03-20</maturity>
			<spread>0.05</spread>
			<frequency>3M</frequency>
			<daycount>A360</daycount>
			<position>-1000000.00</position>
		</cds>
		<cds>
			<tradeid>Ex_Basic_Tier</tradeid>
			<book>ACUO CDS</book>
			<red>179BHC</red>
			<tier>SNRFOR</tier>
			<tradedate>2013-04-15</tradedate>
			<settledate>2013-01-28</settledate>
			<maturity>2017-03-20</maturity>
			<spread>0.05</spread>
			<frequency>3M</frequency>
			<daycount>A360</daycount>
			<position>-1000000.00</position>
		</cds>
		<cds>
			<tradeid>Ex_Basic_RED9</tradeid>
			<book>ACUO CDS</book>
			<red>179BHCAC0</red>
			<tradedate>2013-04-15</tradedate>
			<settledate>2013-01-28</settledate>
			<maturity>2017-03-20</maturity>
			<spread>0.05</spread>
			<frequency>3M</frequency>
			<daycount>A360</daycount>
			<position>-1000000.00</position>
		</cds>
		<irswap>
			<tradeid>IRS_VANILLA</tradeid>
			<tradedate>2013-02-14</tradedate>
			<book>SWAPS</book>
			<leg>
				<id>1</id>
				<currency>USD</currency>
				<rate>0.055</rate>
				<type>FIXED</type>
				<daycount>30360</daycount>
				<notional>10000000.00</notional>
				<notionalxg>NEITHER</notionalxg>
				<paydates>
					<startdate>2013-02-16</startdate>
					<freq>3M</freq>
					<enddate>2017-02-16</enddate>
					<rollcode>MODFOLL</rollcode>
					<adjust>true</adjust>
					<eom>false</eom>
				</paydates>
			</leg>
			<leg>
				<id>2</id>
				<currency>USD</currency>
				<fixing>
					<name>USD-LIBOR-BBA</name>
					<term>3M</term>
					<arrears>false</arrears>
				</fixing>
				<spread>0.00</spread>
				<type>FLOAT</type>
				<daycount>A360</daycount>
				<notional>-10000000.00</notional>
				<notionalxg>NEITHER</notionalxg>
				<paydates>
					<startdate>2013-02-16</startdate>
					<freq>3M</freq>
					<enddate>2017-02-16</enddate>
					<rollcode>MODFOLL</rollcode>
					<adjust>true</adjust>
					<eom>false</eom>
				</paydates>
			</leg>
		</irswap>
	</data>
</presentvalue>